<?xml version="1.0" encoding="UTF-8"?>
<testsuite name="a4.PostfixTest" tests="7" skipped="0" failures="0" errors="0" timestamp="2025-03-08T21:57:43" hostname="codespaces-295d5f" time="0.107">
  <properties/>
  <testcase name="testPostfixSingle" classname="a4.PostfixTest" time="0.015"/>
  <testcase name="testPostfixCombo" classname="a4.PostfixTest" time="0.018"/>
  <testcase name="testPostfixMinus" classname="a4.PostfixTest" time="0.025"/>
  <testcase name="testPostfixTimes" classname="a4.PostfixTest" time="0.007"/>
  <testcase name="testPostfixThrowsException" classname="a4.PostfixTest" time="0.009"/>
  <testcase name="testPostfixDiv" classname="a4.PostfixTest" time="0.007"/>
  <testcase name="testPostfixPlus" classname="a4.PostfixTest" time="0.011"/>
  <system-out><![CDATA[]]></system-out>
  <system-err><![CDATA[]]></system-err>
</testsuite>
